# JRE version: OpenJDK Runtime Environment Temurin-21.0.11+10 (21.0.11+10) (build 21.0.11+10-LTS)
# Java VM: OpenJDK 64-Bit Server VM Temurin-21.0.11+10 (21.0.11+10-LTS, mixed mode, sharing, tiered, compressed oops, compressed class ptrs, parallel gc, windows-amd64)
GC Precious Log:
 CardTable entry size: 512
 CPUs: 8 total, 8 available
 Memory: 16221M
 Large Page Support: Disabled
 NUMA Support: Disabled
 Compressed Oops: Enabled (32-bit)
 Alignments: Space 512K, Generation 512K, Heap 2M
 Heap Min Capacity: 100M
 Heap Initial Capacity: 100M
 Heap Max Capacity: 2G
 Pre-touch: Disabled
 Parallel Workers: 8
Heap:
 PSYoungGen      total 3072K, used 2437K [0x00000000d5580000, 0x00000000d5c00000, 0x0000000100000000)
  eden space 2560K, 88% used [0x00000000d5580000,0x00000000d57b9498,0x00000000d5800000)
  from space 512K, 31% used [0x00000000d5900000,0x00000000d5928000,0x00000000d5980000)
  to   space 1024K, 0% used [0x00000000d5b00000,0x00000000d5b00000,0x00000000d5c00000)
 ParOldGen       total 430080K, used 429744K [0x0000000080000000, 0x000000009a400000, 0x00000000d5580000)
  object space 430080K, 99% used [0x0000000080000000,0x000000009a3ac1a8,0x000000009a400000)
 Metaspace       used 95176K, committed 97088K, reserved 1179648K
  class space    used 8974K, committed 9856K, reserved 1048576K
GC Heap History (20 events):
Event: 943.849 GC heap before
{Heap before GC invocations=1024 (full 4):
 PSYoungGen      total 3584K, used 3583K [0x00000000d5580000, 0x00000000d5e00000, 0x0000000100000000)
  eden space 2560K, 100% used [0x00000000d5580000,0x00000000d5800000,0x00000000d5800000)
  from space 1024K, 99% used [0x00000000d5900000,0x00000000d59ffcb0,0x00000000d5a00000)
  to   space 3072K, 0% used [0x00000000d5b00000,0x00000000d5b00000,0x00000000d5e00000)
 ParOldGen       total 418816K, used 418777K [0x0000000080000000, 0x0000000099900000, 0x00000000d5580000)
  object space 418816K, 99% used [0x0000000080000000,0x00000000998f6778,0x0000000099900000)
 Metaspace       used 95157K, committed 97088K, reserved 1179648K
  class space    used 8974K, committed 9856K, reserved 1048576K
}
Event: 943.851 GC heap after
{Heap after GC invocations=1024 (full 4):
 PSYoungGen      total 5120K, used 2302K [0x00000000d5580000, 0x00000000d5d80000, 0x0000000100000000)
  eden space 2560K, 0% used [0x00000000d5580000,0x00000000d5580000,0x00000000d5800000)
  from space 2560K, 89% used [0x00000000d5b00000,0x00000000d5d3f960,0x00000000d5d80000)
  to   space 2560K, 0% used [0x00000000d5880000,0x00000000d5880000,0x00000000d5b00000)
 ParOldGen       total 420352K, used 419849K [0x0000000080000000, 0x0000000099a80000, 0x00000000d5580000)
  object space 420352K, 99% used [0x0000000080000000,0x0000000099a02428,0x0000000099a80000)
 Metaspace       used 95157K, committed 97088K, reserved 1179648K
  class space    used 8974K, committed 9856K, reserved 1048576K
}
Event: 943.857 GC heap before
{Heap before GC invocations=1025 (full 4):
 PSYoungGen      total 5120K, used 4862K [0x00000000d5580000, 0x00000000d5d80000, 0x0000000100000000)
  eden space 2560K, 100% used [0x00000000d5580000,0x00000000d5800000,0x00000000d5800000)
  from space 2560K, 89% used [0x00000000d5b00000,0x00000000d5d3f960,0x00000000d5d80000)
  to   space 2560K, 0% used [0x00000000d5880000,0x00000000d5880000,0x00000000d5b00000)
 ParOldGen       total 420352K, used 419849K [0x0000000080000000, 0x0000000099a80000, 0x00000000d5580000)
  object space 420352K, 99% used [0x0000000080000000,0x0000000099a02428,0x0000000099a80000)
 Metaspace       used 95157K, committed 97088K, reserved 1179648K
  class space    used 8974K, committed 9856K, reserved 1048576K
}
Event: 943.861 GC heap after
{Heap after GC invocations=1025 (full 4):
 PSYoungGen      total 5120K, used 2432K [0x00000000d5580000, 0x00000000d5d00000, 0x0000000100000000)
  eden space 2560K, 0% used [0x00000000d5580000,0x00000000d5580000,0x00000000d5800000)
  from space 2560K, 95% used [0x00000000d5880000,0x00000000d5ae0000,0x00000000d5b00000)
  to   space 2048K, 0% used [0x00000000d5b00000,0x00000000d5b00000,0x00000000d5d00000)
 ParOldGen       total 422400K, used 422071K [0x0000000080000000, 0x0000000099c80000, 0x00000000d5580000)
  object space 422400K, 99% used [0x0000000080000000,0x0000000099c2dd88,0x0000000099c80000)
 Metaspace       used 95157K, committed 97088K, reserved 1179648K
  class space    used 8974K, committed 9856K, reserved 1048576K
}
Event: 943.883 GC heap before
{Heap before GC invocations=1026 (full 4):
 PSYoungGen      total 5120K, used 4992K [0x00000000d5580000, 0x00000000d5d00000, 0x0000000100000000)
  eden space 2560K, 100% used [0x00000000d5580000,0x00000000d5800000,0x00000000d5800000)
  from space 2560K, 95% used [0x00000000d5880000,0x00000000d5ae0000,0x00000000d5b00000)
  to   space 2048K, 0% used [0x00000000d5b00000,0x00000000d5b00000,0x00000000d5d00000)
 ParOldGen       total 422400K, used 422071K [0x0000000080000000, 0x0000000099c80000, 0x00000000d5580000)
  object space 422400K, 99% used [0x0000000080000000,0x0000000099c2dd88,0x0000000099c80000)
 Metaspace       used 95157K, committed 97088K, reserved 1179648K
  class space    used 8974K, committed 9856K, reserved 1048576K
}
Event: 943.887 GC heap after
{Heap after GC invocations=1026 (full 4):
 PSYoungGen      total 3584K, used 948K [0x00000000d5580000, 0x00000000d5c00000, 0x0000000100000000)
  eden space 2560K, 0% used [0x00000000d5580000,0x00000000d5580000,0x00000000d5800000)
  from space 1024K, 92% used [0x00000000d5b00000,0x00000000d5bed200,0x00000000d5c00000)
  to   space 1536K, 0% used [0x00000000d5900000,0x00000000d5900000,0x00000000d5a80000)
 ParOldGen       total 424448K, used 424431K [0x0000000080000000, 0x0000000099e80000, 0x00000000d5580000)
  object space 424448K, 99% used [0x0000000080000000,0x0000000099e7bd88,0x0000000099e80000)
 Metaspace       used 95157K, committed 97088K, reserved 1179648K
  class space    used 8974K, committed 9856K, reserved 1048576K
}
Event: 943.923 GC heap before
{Heap before GC invocations=1027 (full 4):
 PSYoungGen      total 3584K, used 3508K [0x00000000d5580000, 0x00000000d5c00000, 0x0000000100000000)
  eden space 2560K, 100% used [0x00000000d5580000,0x00000000d5800000,0x00000000d5800000)
  from space 1024K, 92% used [0x00000000d5b00000,0x00000000d5bed200,0x00000000d5c00000)
  to   space 1536K, 0% used [0x00000000d5900000,0x00000000d5900000,0x00000000d5a80000)
 ParOldGen       total 424448K, used 424431K [0x0000000080000000, 0x0000000099e80000, 0x00000000d5580000)
  object space 424448K, 99% used [0x0000000080000000,0x0000000099e7bd88,0x0000000099e80000)
 Metaspace       used 95157K, committed 97088K, reserved 1179648K
  class space    used 8974K, committed 9856K, reserved 1048576K
}
Event: 943.925 GC heap after
{Heap after GC invocations=1027 (full 4):
 PSYoungGen      total 4096K, used 256K [0x00000000d5580000, 0x00000000d5b80000, 0x0000000100000000)
  eden space 2560K, 0% used [0x00000000d5580000,0x00000000d5580000,0x00000000d5800000)
  from space 1536K, 16% used [0x00000000d5900000,0x00000000d5940020,0x00000000d5a80000)
  to   space 1024K, 0% used [0x00000000d5a80000,0x00000000d5a80000,0x00000000d5b80000)
 ParOldGen       total 425472K, used 425270K [0x0000000080000000, 0x0000000099f80000, 0x00000000d5580000)
  object space 425472K, 99% used [0x0000000080000000,0x0000000099f4dbb8,0x0000000099f80000)
 Metaspace       used 95157K, committed 97088K, reserved 1179648K
  class space    used 8974K, committed 9856K, reserved 1048576K
}
Event: 943.952 GC heap before
{Heap before GC invocations=1028 (full 4):
 PSYoungGen      total 4096K, used 2816K [0x00000000d5580000, 0x00000000d5b80000, 0x0000000100000000)
  eden space 2560K, 100% used [0x00000000d5580000,0x00000000d5800000,0x00000000d5800000)
  from space 1536K, 16% used [0x00000000d5900000,0x00000000d5940020,0x00000000d5a80000)
  to   space 1024K, 0% used [0x00000000d5a80000,0x00000000d5a80000,0x00000000d5b80000)
 ParOldGen       total 425472K, used 425270K [0x0000000080000000, 0x0000000099f80000, 0x00000000d5580000)
  object space 425472K, 99% used [0x0000000080000000,0x0000000099f4dbb8,0x0000000099f80000)
 Metaspace       used 95157K, committed 97088K, reserved 1179648K
  class space    used 8974K, committed 9856K, reserved 1048576K
}
Event: 943.953 GC heap after
{Heap after GC invocations=1028 (full 4):
 PSYoungGen      total 3072K, used 320K [0x00000000d5580000, 0x00000000d5b00000, 0x0000000100000000)
  eden space 2560K, 0% used [0x00000000d5580000,0x00000000d5580000,0x00000000d5800000)
  from space 512K, 62% used [0x00000000d5a80000,0x00000000d5ad0000,0x00000000d5b00000)
  to   space 512K, 0% used [0x00000000d5a00000,0x00000000d5a00000,0x00000000d5a80000)
 ParOldGen       total 425472K, used 425446K [0x0000000080000000, 0x0000000099f80000, 0x00000000d5580000)
  object space 425472K, 99% used [0x0000000080000000,0x0000000099f79bd8,0x0000000099f80000)
 Metaspace       used 95157K, committed 97088K, reserved 1179648K
  class space    used 8974K, committed 9856K, reserved 1048576K
}
Event: 943.981 GC heap before
{Heap before GC invocations=1029 (full 4):
 PSYoungGen      total 3072K, used 2880K [0x00000000d5580000, 0x00000000d5b00000, 0x0000000100000000)
  eden space 2560K, 100% used [0x00000000d5580000,0x00000000d5800000,0x00000000d5800000)
  from space 512K, 62% used [0x00000000d5a80000,0x00000000d5ad0000,0x00000000d5b00000)
  to   space 512K, 0% used [0x00000000d5a00000,0x00000000d5a00000,0x00000000d5a80000)
 ParOldGen       total 425472K, used 425446K [0x0000000080000000, 0x0000000099f80000, 0x00000000d5580000)
  object space 425472K, 99% used [0x0000000080000000,0x0000000099f79bd8,0x0000000099f80000)
 Metaspace       used 95157K, committed 97088K, reserved 1179648K
  class space    used 8974K, committed 9856K, reserved 1048576K
}
Event: 943.982 GC heap after
{Heap after GC invocations=1029 (full 4):
 PSYoungGen      total 3072K, used 272K [0x00000000d5580000, 0x00000000d5b00000, 0x0000000100000000)
  eden space 2560K, 0% used [0x00000000d5580000,0x00000000d5580000,0x00000000d5800000)
  from space 512K, 53% used [0x00000000d5a00000,0x00000000d5a44010,0x00000000d5a80000)
  to   space 512K, 0% used [0x00000000d5a80000,0x00000000d5a80000,0x00000000d5b00000)
 ParOldGen       total 425984K, used 425662K [0x0000000080000000, 0x000000009a000000, 0x00000000d5580000)
  object space 425984K, 99% used [0x0000000080000000,0x0000000099fafbf8,0x000000009a000000)
 Metaspace       used 95157K, committed 97088K, reserved 1179648K
  class space    used 8974K, committed 9856K, reserved 1048576K
}
Event: 943.996 GC heap before
{Heap before GC invocations=1030 (full 4):
 PSYoungGen      total 3072K, used 2832K [0x00000000d5580000, 0x00000000d5b00000, 0x0000000100000000)
  eden space 2560K, 100% used [0x00000000d5580000,0x00000000d5800000,0x00000000d5800000)
  from space 512K, 53% used [0x00000000d5a00000,0x00000000d5a44010,0x00000000d5a80000)
  to   space 512K, 0% used [0x00000000d5a80000,0x00000000d5a80000,0x00000000d5b00000)
 ParOldGen       total 425984K, used 425662K [0x0000000080000000, 0x000000009a000000, 0x00000000d5580000)
  object space 425984K, 99% used [0x0000000080000000,0x0000000099fafbf8,0x000000009a000000)
 Metaspace       used 95161K, committed 97088K, reserved 1179648K
  class space    used 8974K, committed 9856K, reserved 1048576K
}
Event: 943.999 GC heap after
{Heap after GC invocations=1030 (full 4):
 PSYoungGen      total 3072K, used 511K [0x00000000d5580000, 0x00000000d5b00000, 0x0000000100000000)
  eden space 2560K, 0% used [0x00000000d5580000,0x00000000d5580000,0x00000000d5800000)
  from space 512K, 99% used [0x00000000d5a80000,0x00000000d5affcb0,0x00000000d5b00000)
  to   space 1536K, 0% used [0x00000000d5800000,0x00000000d5800000,0x00000000d5980000)
 ParOldGen       total 426496K, used 426078K [0x0000000080000000, 0x000000009a080000, 0x00000000d5580000)
  object space 426496K, 99% used [0x0000000080000000,0x000000009a0178c8,0x000000009a080000)
 Metaspace       used 95161K, committed 97088K, reserved 1179648K
  class space    used 8974K, committed 9856K, reserved 1048576K
}
Event: 944.008 GC heap before
{Heap before GC invocations=1031 (full 4):
 PSYoungGen      total 3072K, used 3071K [0x00000000d5580000, 0x00000000d5b00000, 0x0000000100000000)
  eden space 2560K, 100% used [0x00000000d5580000,0x00000000d5800000,0x00000000d5800000)
  from space 512K, 99% used [0x00000000d5a80000,0x00000000d5affcb0,0x00000000d5b00000)
  to   space 1536K, 0% used [0x00000000d5800000,0x00000000d5800000,0x00000000d5980000)
 ParOldGen       total 426496K, used 426078K [0x0000000080000000, 0x000000009a080000, 0x00000000d5580000)
  object space 426496K, 99% used [0x0000000080000000,0x000000009a0178c8,0x000000009a080000)
 Metaspace       used 95161K, committed 97088K, reserved 1179648K
  class space    used 8974K, committed 9856K, reserved 1048576K
}
Event: 944.011 GC heap after
{Heap after GC invocations=1031 (full 4):
 PSYoungGen      total 4096K, used 1536K [0x00000000d5580000, 0x00000000d5f00000, 0x0000000100000000)
  eden space 2560K, 0% used [0x00000000d5580000,0x00000000d5580000,0x00000000d5800000)
  from space 1536K, 100% used [0x00000000d5800000,0x00000000d5980000,0x00000000d5980000)
  to   space 3584K, 0% used [0x00000000d5b80000,0x00000000d5b80000,0x00000000d5f00000)
 ParOldGen       total 427520K, used 427464K [0x0000000080000000, 0x000000009a180000, 0x00000000d5580000)
  object space 427520K, 99% used [0x0000000080000000,0x000000009a1721a8,0x000000009a180000)
 Metaspace       used 95161K, committed 97088K, reserved 1179648K
  class space    used 8974K, committed 9856K, reserved 1048576K
}
Event: 944.020 GC heap before
{Heap before GC invocations=1032 (full 4):
 PSYoungGen      total 4096K, used 4095K [0x00000000d5580000, 0x00000000d5f00000, 0x0000000100000000)
  eden space 2560K, 99% used [0x00000000d5580000,0x00000000d57ffff8,0x00000000d5800000)
  from space 1536K, 100% used [0x00000000d5800000,0x00000000d5980000,0x00000000d5980000)
  to   space 3584K, 0% used [0x00000000d5b80000,0x00000000d5b80000,0x00000000d5f00000)
 ParOldGen       total 427520K, used 427464K [0x0000000080000000, 0x000000009a180000, 0x00000000d5580000)
  object space 427520K, 99% used [0x0000000080000000,0x000000009a1721a8,0x000000009a180000)
 Metaspace       used 95161K, committed 97088K, reserved 1179648K
  class space    used 8974K, committed 9856K, reserved 1048576K
}
Event: 944.024 GC heap after
{Heap after GC invocations=1032 (full 4):
 PSYoungGen      total 5120K, used 2270K [0x00000000d5580000, 0x00000000d5e00000, 0x0000000100000000)
  eden space 2560K, 0% used [0x00000000d5580000,0x00000000d5580000,0x00000000d5800000)
  from space 2560K, 88% used [0x00000000d5b80000,0x00000000d5db7960,0x00000000d5e00000)
  to   space 2560K, 0% used [0x00000000d5900000,0x00000000d5900000,0x00000000d5b80000)
 ParOldGen       total 429568K, used 429056K [0x0000000080000000, 0x000000009a380000, 0x00000000d5580000)
  object space 429568K, 99% used [0x0000000080000000,0x000000009a3001a8,0x000000009a380000)
 Metaspace       used 95161K, committed 97088K, reserved 1179648K
  class space    used 8974K, committed 9856K, reserved 1048576K
}
Event: 953.680 GC heap before
{Heap before GC invocations=1033 (full 4):
 PSYoungGen      total 5120K, used 4830K [0x00000000d5580000, 0x00000000d5e00000, 0x0000000100000000)
  eden space 2560K, 100% used [0x00000000d5580000,0x00000000d5800000,0x00000000d5800000)
  from space 2560K, 88% used [0x00000000d5b80000,0x00000000d5db7960,0x00000000d5e00000)
  to   space 2560K, 0% used [0x00000000d5900000,0x00000000d5900000,0x00000000d5b80000)
 ParOldGen       total 429568K, used 429056K [0x0000000080000000, 0x000000009a380000, 0x00000000d5580000)
  object space 429568K, 99% used [0x0000000080000000,0x000000009a3001a8,0x000000009a380000)
 Metaspace       used 95161K, committed 97088K, reserved 1179648K
  class space    used 8974K, committed 9856K, reserved 1048576K
}
Event: 953.682 GC heap after
{Heap after GC invocations=1033 (full 4):
 PSYoungGen      total 3072K, used 160K [0x00000000d5580000, 0x00000000d5c00000, 0x0000000100000000)
  eden space 2560K, 0% used [0x00000000d5580000,0x00000000d5580000,0x00000000d5800000)
  from space 512K, 31% used [0x00000000d5900000,0x00000000d5928000,0x00000000d5980000)
  to   space 1024K, 0% used [0x00000000d5b00000,0x00000000d5b00000,0x00000000d5c00000)
 ParOldGen       total 430080K, used 429744K [0x0000000080000000, 0x000000009a400000, 0x00000000d5580000)
  object space 430080K, 99% used [0x0000000080000000,0x000000009a3ac1a8,0x000000009a400000)
 Metaspace       used 95161K, committed 97088K, reserved 1179648K
  class space    used 8974K, committed 9856K, reserved 1048576K
}

