# JRE version: OpenJDK Runtime Environment Temurin-21.0.11+10 (21.0.11+10) (build 21.0.11+10-LTS)
# Java VM: OpenJDK 64-Bit Server VM Temurin-21.0.11+10 (21.0.11+10-LTS, mixed mode, sharing, tiered, compressed oops, compressed class ptrs, parallel gc, windows-amd64)
GC Precious Log:
 CardTable entry size: 512
 CPUs: 8 total, 8 available
 Memory: 16221M
 Large Page Support: Disabled
 NUMA Support: Disabled
 Compressed Oops: Enabled (32-bit)
 Alignments: Space 512K, Generation 512K, Heap 2M
 Heap Min Capacity: 100M
 Heap Initial Capacity: 100M
 Heap Max Capacity: 2G
 Pre-touch: Disabled
 Parallel Workers: 8
Heap:
 PSYoungGen      total 2560K, used 1807K [0x00000000d5580000, 0x00000000d5900000, 0x0000000100000000)
  eden space 1536K, 50% used [0x00000000d5580000,0x00000000d5643cb8,0x00000000d5700000)
  from space 1024K, 100% used [0x00000000d5700000,0x00000000d5800000,0x00000000d5800000)
  to   space 1024K, 0% used [0x00000000d5800000,0x00000000d5800000,0x00000000d5900000)
 ParOldGen       total 872960K, used 601450K [0x0000000080000000, 0x00000000b5480000, 0x00000000d5580000)
  object space 872960K, 68% used [0x0000000080000000,0x00000000a4b5a9f0,0x00000000b5480000)
 Metaspace       used 96177K, committed 97984K, reserved 1179648K
  class space    used 9096K, committed 9920K, reserved 1048576K
GC Heap History (20 events):
Event: 403.328 GC heap after
{Heap after GC invocations=2341 (full 4):
 PSYoungGen      total 2048K, used 192K [0x00000000d5580000, 0x00000000d5880000, 0x0000000100000000)
  eden space 1536K, 0% used [0x00000000d5580000,0x00000000d5580000,0x00000000d5700000)
  from space 512K, 37% used [0x00000000d5780000,0x00000000d57b0000,0x00000000d5800000)
  to   space 512K, 0% used [0x00000000d5800000,0x00000000d5800000,0x00000000d5880000)
 ParOldGen       total 872960K, used 598579K [0x0000000080000000, 0x00000000b5480000, 0x00000000d5580000)
  object space 872960K, 68% used [0x0000000080000000,0x00000000a488cdf8,0x00000000b5480000)
 Metaspace       used 96172K, committed 97984K, reserved 1179648K
  class space    used 9096K, committed 9920K, reserved 1048576K
}
Event: 403.352 GC heap before
{Heap before GC invocations=2342 (full 4):
 PSYoungGen      total 2048K, used 1728K [0x00000000d5580000, 0x00000000d5880000, 0x0000000100000000)
  eden space 1536K, 100% used [0x00000000d5580000,0x00000000d5700000,0x00000000d5700000)
  from space 512K, 37% used [0x00000000d5780000,0x00000000d57b0000,0x00000000d5800000)
  to   space 512K, 0% used [0x00000000d5800000,0x00000000d5800000,0x00000000d5880000)
 ParOldGen       total 872960K, used 598579K [0x0000000080000000, 0x00000000b5480000, 0x00000000d5580000)
  object space 872960K, 68% used [0x0000000080000000,0x00000000a488cdf8,0x00000000b5480000)
 Metaspace       used 96172K, committed 97984K, reserved 1179648K
  class space    used 9096K, committed 9920K, reserved 1048576K
}
Event: 403.354 GC heap after
{Heap after GC invocations=2342 (full 4):
 PSYoungGen      total 2048K, used 256K [0x00000000d5580000, 0x00000000d5880000, 0x0000000100000000)
  eden space 1536K, 0% used [0x00000000d5580000,0x00000000d5580000,0x00000000d5700000)
  from space 512K, 50% used [0x00000000d5800000,0x00000000d5840000,0x00000000d5880000)
  to   space 512K, 0% used [0x00000000d5780000,0x00000000d5780000,0x00000000d5800000)
 ParOldGen       total 872960K, used 598643K [0x0000000080000000, 0x00000000b5480000, 0x00000000d5580000)
  object space 872960K, 68% used [0x0000000080000000,0x00000000a489cdf8,0x00000000b5480000)
 Metaspace       used 96172K, committed 97984K, reserved 1179648K
  class space    used 9096K, committed 9920K, reserved 1048576K
}
Event: 403.376 GC heap before
{Heap before GC invocations=2343 (full 4):
 PSYoungGen      total 2048K, used 1792K [0x00000000d5580000, 0x00000000d5880000, 0x0000000100000000)
  eden space 1536K, 100% used [0x00000000d5580000,0x00000000d5700000,0x00000000d5700000)
  from space 512K, 50% used [0x00000000d5800000,0x00000000d5840000,0x00000000d5880000)
  to   space 512K, 0% used [0x00000000d5780000,0x00000000d5780000,0x00000000d5800000)
 ParOldGen       total 872960K, used 598643K [0x0000000080000000, 0x00000000b5480000, 0x00000000d5580000)
  object space 872960K, 68% used [0x0000000080000000,0x00000000a489cdf8,0x00000000b5480000)
 Metaspace       used 96172K, committed 97984K, reserved 1179648K
  class space    used 9096K, committed 9920K, reserved 1048576K
}
Event: 403.378 GC heap after
{Heap after GC invocations=2343 (full 4):
 PSYoungGen      total 2048K, used 192K [0x00000000d5580000, 0x00000000d5880000, 0x0000000100000000)
  eden space 1536K, 0% used [0x00000000d5580000,0x00000000d5580000,0x00000000d5700000)
  from space 512K, 37% used [0x00000000d5780000,0x00000000d57b0000,0x00000000d5800000)
  to   space 512K, 0% used [0x00000000d5800000,0x00000000d5800000,0x00000000d5880000)
 ParOldGen       total 872960K, used 598763K [0x0000000080000000, 0x00000000b5480000, 0x00000000d5580000)
  object space 872960K, 68% used [0x0000000080000000,0x00000000a48bae18,0x00000000b5480000)
 Metaspace       used 96172K, committed 97984K, reserved 1179648K
  class space    used 9096K, committed 9920K, reserved 1048576K
}
Event: 403.396 GC heap before
{Heap before GC invocations=2344 (full 4):
 PSYoungGen      total 2048K, used 1728K [0x00000000d5580000, 0x00000000d5880000, 0x0000000100000000)
  eden space 1536K, 100% used [0x00000000d5580000,0x00000000d5700000,0x00000000d5700000)
  from space 512K, 37% used [0x00000000d5780000,0x00000000d57b0000,0x00000000d5800000)
  to   space 512K, 0% used [0x00000000d5800000,0x00000000d5800000,0x00000000d5880000)
 ParOldGen       total 872960K, used 598763K [0x0000000080000000, 0x00000000b5480000, 0x00000000d5580000)
  object space 872960K, 68% used [0x0000000080000000,0x00000000a48bae18,0x00000000b5480000)
 Metaspace       used 96172K, committed 97984K, reserved 1179648K
  class space    used 9096K, committed 9920K, reserved 1048576K
}
Event: 403.398 GC heap after
{Heap after GC invocations=2344 (full 4):
 PSYoungGen      total 2048K, used 224K [0x00000000d5580000, 0x00000000d5880000, 0x0000000100000000)
  eden space 1536K, 0% used [0x00000000d5580000,0x00000000d5580000,0x00000000d5700000)
  from space 512K, 43% used [0x00000000d5800000,0x00000000d5838000,0x00000000d5880000)
  to   space 512K, 0% used [0x00000000d5780000,0x00000000d5780000,0x00000000d5800000)
 ParOldGen       total 872960K, used 598859K [0x0000000080000000, 0x00000000b5480000, 0x00000000d5580000)
  object space 872960K, 68% used [0x0000000080000000,0x00000000a48d2e38,0x00000000b5480000)
 Metaspace       used 96172K, committed 97984K, reserved 1179648K
  class space    used 9096K, committed 9920K, reserved 1048576K
}
Event: 403.417 GC heap before
{Heap before GC invocations=2345 (full 4):
 PSYoungGen      total 2048K, used 1760K [0x00000000d5580000, 0x00000000d5880000, 0x0000000100000000)
  eden space 1536K, 100% used [0x00000000d5580000,0x00000000d5700000,0x00000000d5700000)
  from space 512K, 43% used [0x00000000d5800000,0x00000000d5838000,0x00000000d5880000)
  to   space 512K, 0% used [0x00000000d5780000,0x00000000d5780000,0x00000000d5800000)
 ParOldGen       total 872960K, used 598859K [0x0000000080000000, 0x00000000b5480000, 0x00000000d5580000)
  object space 872960K, 68% used [0x0000000080000000,0x00000000a48d2e38,0x00000000b5480000)
 Metaspace       used 96172K, committed 97984K, reserved 1179648K
  class space    used 9096K, committed 9920K, reserved 1048576K
}
Event: 403.419 GC heap after
{Heap after GC invocations=2345 (full 4):
 PSYoungGen      total 2048K, used 256K [0x00000000d5580000, 0x00000000d5880000, 0x0000000100000000)
  eden space 1536K, 0% used [0x00000000d5580000,0x00000000d5580000,0x00000000d5700000)
  from space 512K, 50% used [0x00000000d5780000,0x00000000d57c0000,0x00000000d5800000)
  to   space 512K, 0% used [0x00000000d5800000,0x00000000d5800000,0x00000000d5880000)
 ParOldGen       total 872960K, used 598979K [0x0000000080000000, 0x00000000b5480000, 0x00000000d5580000)
  object space 872960K, 68% used [0x0000000080000000,0x00000000a48f0e38,0x00000000b5480000)
 Metaspace       used 96172K, committed 97984K, reserved 1179648K
  class space    used 9096K, committed 9920K, reserved 1048576K
}
Event: 403.436 GC heap before
{Heap before GC invocations=2346 (full 4):
 PSYoungGen      total 2048K, used 1792K [0x00000000d5580000, 0x00000000d5880000, 0x0000000100000000)
  eden space 1536K, 100% used [0x00000000d5580000,0x00000000d5700000,0x00000000d5700000)
  from space 512K, 50% used [0x00000000d5780000,0x00000000d57c0000,0x00000000d5800000)
  to   space 512K, 0% used [0x00000000d5800000,0x00000000d5800000,0x00000000d5880000)
 ParOldGen       total 872960K, used 598979K [0x0000000080000000, 0x00000000b5480000, 0x00000000d5580000)
  object space 872960K, 68% used [0x0000000080000000,0x00000000a48f0e38,0x00000000b5480000)
 Metaspace       used 96172K, committed 97984K, reserved 1179648K
  class space    used 9096K, committed 9920K, reserved 1048576K
}
Event: 403.438 GC heap after
{Heap after GC invocations=2346 (full 4):
 PSYoungGen      total 2048K, used 256K [0x00000000d5580000, 0x00000000d5880000, 0x0000000100000000)
  eden space 1536K, 0% used [0x00000000d5580000,0x00000000d5580000,0x00000000d5700000)
  from space 512K, 50% used [0x00000000d5800000,0x00000000d5840020,0x00000000d5880000)
  to   space 512K, 0% used [0x00000000d5780000,0x00000000d5780000,0x00000000d5800000)
 ParOldGen       total 872960K, used 599107K [0x0000000080000000, 0x00000000b5480000, 0x00000000d5580000)
  object space 872960K, 68% used [0x0000000080000000,0x00000000a4910e38,0x00000000b5480000)
 Metaspace       used 96172K, committed 97984K, reserved 1179648K
  class space    used 9096K, committed 9920K, reserved 1048576K
}
Event: 403.455 GC heap before
{Heap before GC invocations=2347 (full 4):
 PSYoungGen      total 2048K, used 1792K [0x00000000d5580000, 0x00000000d5880000, 0x0000000100000000)
  eden space 1536K, 100% used [0x00000000d5580000,0x00000000d5700000,0x00000000d5700000)
  from space 512K, 50% used [0x00000000d5800000,0x00000000d5840020,0x00000000d5880000)
  to   space 512K, 0% used [0x00000000d5780000,0x00000000d5780000,0x00000000d5800000)
 ParOldGen       total 872960K, used 599107K [0x0000000080000000, 0x00000000b5480000, 0x00000000d5580000)
  object space 872960K, 68% used [0x0000000080000000,0x00000000a4910e38,0x00000000b5480000)
 Metaspace       used 96174K, committed 97984K, reserved 1179648K
  class space    used 9096K, committed 9920K, reserved 1048576K
}
Event: 403.457 GC heap after
{Heap after GC invocations=2347 (full 4):
 PSYoungGen      total 2048K, used 372K [0x00000000d5580000, 0x00000000d5880000, 0x0000000100000000)
  eden space 1536K, 0% used [0x00000000d5580000,0x00000000d5580000,0x00000000d5700000)
  from space 512K, 72% used [0x00000000d5780000,0x00000000d57dd228,0x00000000d5800000)
  to   space 512K, 0% used [0x00000000d5800000,0x00000000d5800000,0x00000000d5880000)
 ParOldGen       total 872960K, used 599187K [0x0000000080000000, 0x00000000b5480000, 0x00000000d5580000)
  object space 872960K, 68% used [0x0000000080000000,0x00000000a4924e58,0x00000000b5480000)
 Metaspace       used 96174K, committed 97984K, reserved 1179648K
  class space    used 9096K, committed 9920K, reserved 1048576K
}
Event: 405.505 GC heap before
{Heap before GC invocations=2348 (full 4):
 PSYoungGen      total 2048K, used 1885K [0x00000000d5580000, 0x00000000d5880000, 0x0000000100000000)
  eden space 1536K, 98% used [0x00000000d5580000,0x00000000d56fa368,0x00000000d5700000)
  from space 512K, 72% used [0x00000000d5780000,0x00000000d57dd228,0x00000000d5800000)
  to   space 512K, 0% used [0x00000000d5800000,0x00000000d5800000,0x00000000d5880000)
 ParOldGen       total 872960K, used 599187K [0x0000000080000000, 0x00000000b5480000, 0x00000000d5580000)
  object space 872960K, 68% used [0x0000000080000000,0x00000000a4924e58,0x00000000b5480000)
 Metaspace       used 96177K, committed 97984K, reserved 1179648K
  class space    used 9096K, committed 9920K, reserved 1048576K
}
Event: 405.507 GC heap after
{Heap after GC invocations=2348 (full 4):
 PSYoungGen      total 2048K, used 352K [0x00000000d5580000, 0x00000000d5880000, 0x0000000100000000)
  eden space 1536K, 0% used [0x00000000d5580000,0x00000000d5580000,0x00000000d5700000)
  from space 512K, 68% used [0x00000000d5800000,0x00000000d5858000,0x00000000d5880000)
  to   space 512K, 0% used [0x00000000d5780000,0x00000000d5780000,0x00000000d5800000)
 ParOldGen       total 872960K, used 599436K [0x0000000080000000, 0x00000000b5480000, 0x00000000d5580000)
  object space 872960K, 68% used [0x0000000080000000,0x00000000a4963090,0x00000000b5480000)
 Metaspace       used 96177K, committed 97984K, reserved 1179648K
  class space    used 9096K, committed 9920K, reserved 1048576K
}
Event: 405.511 GC heap before
{Heap before GC invocations=2349 (full 4):
 PSYoungGen      total 2048K, used 1888K [0x00000000d5580000, 0x00000000d5880000, 0x0000000100000000)
  eden space 1536K, 100% used [0x00000000d5580000,0x00000000d5700000,0x00000000d5700000)
  from space 512K, 68% used [0x00000000d5800000,0x00000000d5858000,0x00000000d5880000)
  to   space 512K, 0% used [0x00000000d5780000,0x00000000d5780000,0x00000000d5800000)
 ParOldGen       total 872960K, used 599436K [0x0000000080000000, 0x00000000b5480000, 0x00000000d5580000)
  object space 872960K, 68% used [0x0000000080000000,0x00000000a4963090,0x00000000b5480000)
 Metaspace       used 96177K, committed 97984K, reserved 1179648K
  class space    used 9096K, committed 9920K, reserved 1048576K
}
Event: 406.527 GC heap after
{Heap after GC invocations=2349 (full 4):
 PSYoungGen      total 2048K, used 511K [0x00000000d5580000, 0x00000000d5900000, 0x0000000100000000)
  eden space 1536K, 0% used [0x00000000d5580000,0x00000000d5580000,0x00000000d5700000)
  from space 512K, 99% used [0x00000000d5780000,0x00000000d57ffcb0,0x00000000d5800000)
  to   space 1024K, 0% used [0x00000000d5800000,0x00000000d5800000,0x00000000d5900000)
 ParOldGen       total 872960K, used 599827K [0x0000000080000000, 0x00000000b5480000, 0x00000000d5580000)
  object space 872960K, 68% used [0x0000000080000000,0x00000000a49c4d40,0x00000000b5480000)
 Metaspace       used 96177K, committed 97984K, reserved 1179648K
  class space    used 9096K, committed 9920K, reserved 1048576K
}
Event: 406.554 GC heap before
{Heap before GC invocations=2350 (full 4):
 PSYoungGen      total 2048K, used 2047K [0x00000000d5580000, 0x00000000d5900000, 0x0000000100000000)
  eden space 1536K, 99% used [0x00000000d5580000,0x00000000d56ffff8,0x00000000d5700000)
  from space 512K, 99% used [0x00000000d5780000,0x00000000d57ffcb0,0x00000000d5800000)
  to   space 1024K, 0% used [0x00000000d5800000,0x00000000d5800000,0x00000000d5900000)
 ParOldGen       total 872960K, used 599827K [0x0000000080000000, 0x00000000b5480000, 0x00000000d5580000)
  object space 872960K, 68% used [0x0000000080000000,0x00000000a49c4d40,0x00000000b5480000)
 Metaspace       used 96177K, committed 97984K, reserved 1179648K
  class space    used 9096K, committed 9920K, reserved 1048576K
}
Event: 406.557 GC heap after
{Heap after GC invocations=2350 (full 4):
 PSYoungGen      total 2560K, used 928K [0x00000000d5580000, 0x00000000d5900000, 0x0000000100000000)
  eden space 1536K, 0% used [0x00000000d5580000,0x00000000d5580000,0x00000000d5700000)
  from space 1024K, 90% used [0x00000000d5800000,0x00000000d58e8000,0x00000000d5900000)
  to   space 1024K, 0% used [0x00000000d5700000,0x00000000d5700000,0x00000000d5800000)
 ParOldGen       total 872960K, used 600202K [0x0000000080000000, 0x00000000b5480000, 0x00000000d5580000)
  object space 872960K, 68% used [0x0000000080000000,0x00000000a4a229f0,0x00000000b5480000)
 Metaspace       used 96177K, committed 97984K, reserved 1179648K
  class space    used 9096K, committed 9920K, reserved 1048576K
}
Event: 406.592 GC heap before
{Heap before GC invocations=2351 (full 4):
 PSYoungGen      total 2560K, used 2464K [0x00000000d5580000, 0x00000000d5900000, 0x0000000100000000)
  eden space 1536K, 100% used [0x00000000d5580000,0x00000000d5700000,0x00000000d5700000)
  from space 1024K, 90% used [0x00000000d5800000,0x00000000d58e8000,0x00000000d5900000)
  to   space 1024K, 0% used [0x00000000d5700000,0x00000000d5700000,0x00000000d5800000)
 ParOldGen       total 872960K, used 600202K [0x0000000080000000, 0x00000000b5480000, 0x00000000d5580000)
  object space 872960K, 68% used [0x0000000080000000,0x00000000a4a229f0,0x00000000b5480000)
 Metaspace       used 96177K, committed 97984K, reserved 1179648K
  class space    used 9096K, committed 9920K, reserved 1048576K
}

